The system is: Windows - 10.0.22621 - AMD64
Compiling the C compiler identification source file "CMakeCCompilerId.c" succeeded.
Compiler: C:/Program Files/Microsoft Visual Studio/2022/Community/VC/Tools/MSVC/14.37.32822/bin/Hostx64/x64/cl.exe 
Build flags: 
Id flags:  

The output was:
0
Microsoft (R) C/C++ Optimizing Compiler Version 19.37.32825 for x64
Copyright (C) Microsoft Corporation.  All rights reserved.

CMakeCCompilerId.c
Microsoft (R) Incremental Linker Version 14.37.32825.0
Copyright (C) Microsoft Corporation.  All rights reserved.

/out:CMakeCCompilerId.exe 
CMakeCCompilerId.obj 


Compilation of the C compiler identification source "CMakeCCompilerId.c" produced "CMakeCCompilerId.exe"

Compilation of the C compiler identification source "CMakeCCompilerId.c" produced "CMakeCCompilerId.obj"

The C compiler identification is MSVC, found in "D:/Coding/integral/cmake-build-release/CMakeFiles/3.25.2/CompilerIdC/CMakeCCompilerId.exe"

Compiling the CXX compiler identification source file "CMakeCXXCompilerId.cpp" succeeded.
Compiler: C:/Program Files/Microsoft Visual Studio/2022/Community/VC/Tools/MSVC/14.37.32822/bin/Hostx64/x64/cl.exe 
Build flags: 
Id flags:  

The output was:
0
Microsoft (R) C/C++ Optimizing Compiler Version 19.37.32825 for x64
Copyright (C) Microsoft Corporation.  All rights reserved.

CMakeCXXCompilerId.cpp
Microsoft (R) Incremental Linker Version 14.37.32825.0
Copyright (C) Microsoft Corporation.  All rights reserved.

/out:CMakeCXXCompilerId.exe 
CMakeCXXCompilerId.obj 


Compilation of the CXX compiler identification source "CMakeCXXCompilerId.cpp" produced "CMakeCXXCompilerId.exe"

Compilation of the CXX compiler identification source "CMakeCXXCompilerId.cpp" produced "CMakeCXXCompilerId.obj"

The CXX compiler identification is MSVC, found in "D:/Coding/integral/cmake-build-release/CMakeFiles/3.25.2/CompilerIdCXX/CMakeCXXCompilerId.exe"

Detecting C compiler ABI info compiled with the following output:
Change Dir: D:/Coding/integral/cmake-build-release/CMakeFiles/CMakeScratch/TryCompile-tn099d

Run Build Command(s):C:/Program Files/JetBrains/CLion 2023.1.1/bin/ninja/win/x64/ninja.exe cmTC_01e64 && [1/2] Building C object CMakeFiles\cmTC_01e64.dir\CMakeCCompilerABI.c.obj
[2/2] Linking C executable cmTC_01e64.exe



Detecting CXX compiler ABI info compiled with the following output:
Change Dir: D:/Coding/integral/cmake-build-release/CMakeFiles/CMakeScratch/TryCompile-i7d1o8

Run Build Command(s):C:/Program Files/JetBrains/CLion 2023.1.1/bin/ninja/win/x64/ninja.exe cmTC_7dad8 && [1/2] Building CXX object CMakeFiles\cmTC_7dad8.dir\CMakeCXXCompilerABI.cpp.obj
[2/2] Linking CXX executable cmTC_7dad8.exe



